0 info it worked if it ends with ok
1 verbose cli [ '/usr/bin/node',
1 verbose cli   '/usr/bin/npm',
1 verbose cli   'install',
1 verbose cli   '—',
1 verbose cli   'global',
1 verbose cli   'gulp-cli' ]
2 info using npm@3.5.2
3 info using node@v8.10.0
4 silly loadCurrentTree Starting
5 silly install loadCurrentTree
6 silly install readLocalPackageData
7 silly fetchPackageMetaData —
8 silly fetchPackageMetaData global
9 silly fetchPackageMetaData gulp-cli
10 silly fetchOtherPackageData —
11 silly cache add args [ '—', null ]
12 verbose cache add spec —
13 silly fetchNamedPackageData global
14 silly mapToRegistry name global
15 silly mapToRegistry using default registry
16 silly mapToRegistry registry https://registry.npmjs.org/
17 silly mapToRegistry uri https://registry.npmjs.org/global
18 silly fetchNamedPackageData gulp-cli
19 silly mapToRegistry name gulp-cli
20 silly mapToRegistry using default registry
21 silly mapToRegistry registry https://registry.npmjs.org/
22 silly mapToRegistry uri https://registry.npmjs.org/gulp-cli
23 silly cache add parsed spec Result {
23 silly cache add   raw: '—',
23 silly cache add   scope: null,
23 silly cache add   name: null,
23 silly cache add   rawSpec: '—',
23 silly cache add   spec: '/home/egor/Documents/web/JavaScript/—',
23 silly cache add   type: 'local' }
24 error addLocal Could not install /home/egor/Documents/web/JavaScript/—
25 silly fetchPackageMetaData Error: ENOENT: no such file or directory, open '/home/egor/Documents/web/JavaScript/—'
25 silly fetchPackageMetaData  error for — { Error: ENOENT: no such file or directory, open '/home/egor/Documents/web/JavaScript/—'
25 silly fetchPackageMetaData   errno: -2,
25 silly fetchPackageMetaData   code: 'ENOENT',
25 silly fetchPackageMetaData   syscall: 'open',
25 silly fetchPackageMetaData   path: '/home/egor/Documents/web/JavaScript/—' }
26 verbose request uri https://registry.npmjs.org/gulp-cli
27 verbose request no auth needed
28 info attempt registry request try #1 at 18:20:01
29 verbose request id 7e8d742ffe31345e
30 http request GET https://registry.npmjs.org/gulp-cli
31 verbose request uri https://registry.npmjs.org/global
32 verbose request no auth needed
33 info attempt registry request try #1 at 18:20:01
34 http request GET https://registry.npmjs.org/global
35 verbose stack TypeError: The header content contains invalid characters
35 verbose stack     at validateHeader (_http_outgoing.js:494:11)
35 verbose stack     at ClientRequest.setHeader (_http_outgoing.js:498:3)
35 verbose stack     at new ClientRequest (_http_client.js:173:14)
35 verbose stack     at Object.request (http.js:38:10)
35 verbose stack     at Object.request (https.js:239:15)
35 verbose stack     at Request.start (/usr/share/npm/node_modules/request/request.js:793:30)
35 verbose stack     at Request.end (/usr/share/npm/node_modules/request/request.js:1400:10)
35 verbose stack     at end (/usr/share/npm/node_modules/request/request.js:564:14)
35 verbose stack     at Immediate._onImmediate (/usr/share/npm/node_modules/request/request.js:578:7)
35 verbose stack     at runCallback (timers.js:794:20)
36 verbose cwd /home/egor/Documents/web/JavaScript
37 error Linux 5.0.0-29-generic
38 error argv "/usr/bin/node" "/usr/bin/npm" "install" "—" "global" "gulp-cli"
39 error node v8.10.0
40 error npm  v3.5.2
41 error The header content contains invalid characters
42 error If you need help, you may report this error at:
42 error     <https://github.com/npm/npm/issues>
43 verbose exit [ 1, true ]
